<?xml version="1.0" encoding="UTF-8"?>
<testsuites>
  <testsuite name="Authy Test Suite" tests="8" assertions="7" failures="0" errors="0" time="0.031521">
    <testsuite name="NotificationChannels\Authy\Test\ChannelTest" file="/Users/freek/dev/github/authy/tests/ChannelTest.php" tests="2" assertions="1" failures="0" errors="0" time="0.030949">
      <testcase name="it_can_send_a_notification" class="NotificationChannels\Authy\Test\ChannelTest" file="/Users/freek/dev/github/authy/tests/ChannelTest.php" line="30" assertions="0" time="0.026211"/>
      <testcase name="it_throws_an_exception_when_it_is_not_configured" class="NotificationChannels\Authy\Test\ChannelTest" file="/Users/freek/dev/github/authy/tests/ChannelTest.php" line="46" assertions="1" time="0.004738"/>
    </testsuite>
    <testsuite name="NotificationChannels\Authy\Test\MessageTest" file="/Users/freek/dev/github/authy/tests/MessageTest.php" tests="6" assertions="6" failures="0" errors="0" time="0.000572">
      <testcase name="it_provides_a_create_method" class="NotificationChannels\Authy\Test\MessageTest" file="/Users/freek/dev/github/authy/tests/MessageTest.php" line="34" assertions="1" time="0.000155"/>
      <testcase name="it_has_default_tokens_not_forced_over_cellphone_network" class="NotificationChannels\Authy\Test\MessageTest" file="/Users/freek/dev/github/authy/tests/MessageTest.php" line="42" assertions="1" time="0.000193"/>
      <testcase name="it_can_force_the_token_over_cellphone_network" class="NotificationChannels\Authy\Test\MessageTest" file="/Users/freek/dev/github/authy/tests/MessageTest.php" line="48" assertions="1" time="0.000057"/>
      <testcase name="it_can_avoid_forcing_the_token_over_cellphone_network" class="NotificationChannels\Authy\Test\MessageTest" file="/Users/freek/dev/github/authy/tests/MessageTest.php" line="56" assertions="1" time="0.000055"/>
      <testcase name="it_can_set_token_sending_method" class="NotificationChannels\Authy\Test\MessageTest" file="/Users/freek/dev/github/authy/tests/MessageTest.php" line="64" assertions="1" time="0.000060"/>
      <testcase name="it_has_default_tokens_sent_as_sms" class="NotificationChannels\Authy\Test\MessageTest" file="/Users/freek/dev/github/authy/tests/MessageTest.php" line="72" assertions="1" time="0.000052"/>
    </testsuite>
  </testsuite>
</testsuites>
